<?xml version="1.0" encoding="UTF-8"?>
<testng-results ignored="0" total="1" passed="1" failed="0" skipped="0">
  <reporter-output>
  </reporter-output>
  <suite started-at="2021-02-02T01:20:45 IST" name="Default suite" finished-at="2021-02-02T01:20:49 IST" duration-ms="4431">
    <groups>
      <group name="smoke">
        <method signature="GoToSchoolTest.GoToSchoolTest_TC001()[pri:0, instance:com.extramarks.assessment.apis.tests.GoToSchool.GoToSchoolTest@6daf2337]" name="GoToSchoolTest_TC001" class="com.extramarks.assessment.apis.tests.GoToSchool.GoToSchoolTest"/>
      </group> <!-- smoke -->
    </groups>
    <test started-at="2021-02-02T01:20:45 IST" name="Default test" finished-at="2021-02-02T01:20:49 IST" duration-ms="4431">
      <class name="com.extramarks.assessment.apis.tests.GoToSchool.GoToSchoolTest">
        <test-method is-config="true" signature="setAllureEnvironment()[pri:0, instance:com.extramarks.assessment.apis.tests.GoToSchool.GoToSchoolTest@6daf2337]" started-at="2021-02-02T01:20:44 IST" name="setAllureEnvironment" finished-at="2021-02-02T01:20:45 IST" duration-ms="269" status="PASS">
          <reporter-output>
          </reporter-output>
        </test-method> <!-- setAllureEnvironment -->
        <test-method signature="GoToSchoolTest_TC001()[pri:0, instance:com.extramarks.assessment.apis.tests.GoToSchool.GoToSchoolTest@6daf2337]" started-at="2021-02-02T01:20:45 IST" name="GoToSchoolTest_TC001" finished-at="2021-02-02T01:20:49 IST" duration-ms="4245" status="PASS">
          <reporter-output>
          </reporter-output>
        </test-method> <!-- GoToSchoolTest_TC001 -->
      </class> <!-- com.extramarks.assessment.apis.tests.GoToSchool.GoToSchoolTest -->
    </test> <!-- Default test -->
  </suite> <!-- Default suite -->
</testng-results>
